<?xml version="1.0" encoding="UTF-8"?>
<testng-results ignored="0" total="1" passed="1" failed="0" skipped="0">
  <reporter-output>
  </reporter-output>
  <suite started-at="2019-06-04T05:57:09Z" name="Default suite" finished-at="2019-06-04T05:57:34Z" duration-ms="25286">
    <groups>
    </groups>
    <test started-at="2019-06-04T05:57:09Z" name="Default test" finished-at="2019-06-04T05:57:34Z" duration-ms="25286">
      <class name="testpackage.NewTest">
        <test-method is-config="true" signature="Setup()[pri:0, instance:testpackage.NewTest@2f54a33d]" started-at="2019-06-04T05:57:09Z" name="Setup" finished-at="2019-06-04T05:57:19Z" duration-ms="9837" status="PASS">
          <reporter-output>
          </reporter-output>
        </test-method> <!-- Setup -->
        <test-method signature="BasicTestCase()[pri:0, instance:testpackage.NewTest@2f54a33d]" started-at="2019-06-04T05:57:19Z" name="BasicTestCase" finished-at="2019-06-04T05:57:31Z" duration-ms="12479" status="PASS">
          <reporter-output>
          </reporter-output>
        </test-method> <!-- BasicTestCase -->
        <test-method is-config="true" signature="teardown()[pri:0, instance:testpackage.NewTest@2f54a33d]" started-at="2019-06-04T05:57:31Z" name="teardown" finished-at="2019-06-04T05:57:34Z" duration-ms="2950" status="PASS">
          <reporter-output>
          </reporter-output>
        </test-method> <!-- teardown -->
      </class> <!-- testpackage.NewTest -->
    </test> <!-- Default test -->
  </suite> <!-- Default suite -->
</testng-results>
